[2023-03-21 23:52:11] WARNING [liquibase.configuration] Potentially ignored key(s) in file exists at path liquibase.properties
 - 'changeLogFile'
[2023-03-21 23:52:11] SEVERE [liquibase.integration] Migration failed for changeset _init_/audit/create_schema.sql::1::NP:
     Reason: liquibase.exception.DatabaseException: ОШИБКА: нет доступа к базе данных premature [Failed SQL: (0) create schema if not exists audit]
liquibase.exception.CommandExecutionException: liquibase.exception.LiquibaseException: liquibase.exception.MigrationFailedException: Migration failed for changeset _init_/audit/create_schema.sql::1::NP:
     Reason: liquibase.exception.DatabaseException: ОШИБКА: нет доступа к базе данных premature [Failed SQL: (0) create schema if not exists audit]
	at liquibase.command.CommandScope.execute(CommandScope.java:186)
	at liquibase.integration.commandline.Main.handleUpdateException(Main.java:2190)
	at liquibase.integration.commandline.Main.doMigration(Main.java:1834)
	at liquibase.integration.commandline.Main$1.lambda$run$0(Main.java:396)
	at liquibase.Scope.lambda$child$0(Scope.java:180)
	at liquibase.Scope.child(Scope.java:189)
	at liquibase.Scope.child(Scope.java:179)
	at liquibase.Scope.child(Scope.java:158)
	at liquibase.integration.commandline.Main$1.run(Main.java:395)
	at liquibase.integration.commandline.Main$1.run(Main.java:217)
	at liquibase.Scope.child(Scope.java:189)
	at liquibase.Scope.child(Scope.java:165)
	at liquibase.integration.commandline.Main.run(Main.java:217)
	at liquibase.command.AbstractCliWrapperCommandStep.run(AbstractCliWrapperCommandStep.java:32)
	at liquibase.command.CommandScope.execute(CommandScope.java:172)
	at liquibase.integration.commandline.CommandRunner.call(CommandRunner.java:55)
	at liquibase.integration.commandline.CommandRunner.call(CommandRunner.java:24)
	at picocli.CommandLine.executeUserObject(CommandLine.java:2041)
	at picocli.CommandLine.access$1500(CommandLine.java:148)
	at picocli.CommandLine$RunLast.executeUserObjectOfLastSubcommandWithSameParent(CommandLine.java:2461)
	at picocli.CommandLine$RunLast.handle(CommandLine.java:2453)
	at picocli.CommandLine$RunLast.handle(CommandLine.java:2415)
	at picocli.CommandLine$AbstractParseResultHandler.execute(CommandLine.java:2273)
	at picocli.CommandLine$RunLast.execute(CommandLine.java:2417)
	at picocli.CommandLine.execute(CommandLine.java:2170)
	at liquibase.integration.commandline.LiquibaseCommandLine.lambda$execute$1(LiquibaseCommandLine.java:352)
	at liquibase.Scope.child(Scope.java:189)
	at liquibase.Scope.child(Scope.java:165)
	at liquibase.integration.commandline.LiquibaseCommandLine.execute(LiquibaseCommandLine.java:317)
	at liquibase.integration.commandline.LiquibaseCommandLine.main(LiquibaseCommandLine.java:84)
	at java.base/jdk.internal.reflect.NativeMethodAccessorImpl.invoke0(Native Method)
	at java.base/jdk.internal.reflect.NativeMethodAccessorImpl.invoke(NativeMethodAccessorImpl.java:77)
	at java.base/jdk.internal.reflect.DelegatingMethodAccessorImpl.invoke(DelegatingMethodAccessorImpl.java:43)
	at java.base/java.lang.reflect.Method.invoke(Method.java:568)
	at liquibase.integration.commandline.LiquibaseLauncher.main(LiquibaseLauncher.java:107)
Caused by: liquibase.exception.LiquibaseException: liquibase.exception.MigrationFailedException: Migration failed for changeset _init_/audit/create_schema.sql::1::NP:
     Reason: liquibase.exception.DatabaseException: ОШИБКА: нет доступа к базе данных premature [Failed SQL: (0) create schema if not exists audit]
	at liquibase.changelog.ChangeLogIterator.run(ChangeLogIterator.java:127)
	at liquibase.Liquibase.lambda$null$0(Liquibase.java:291)
	at liquibase.Scope.lambda$child$0(Scope.java:180)
	at liquibase.Scope.child(Scope.java:189)
	at liquibase.Scope.child(Scope.java:179)
	at liquibase.Scope.child(Scope.java:158)
	at liquibase.Scope.child(Scope.java:243)
	at liquibase.Liquibase.lambda$update$1(Liquibase.java:290)
	at liquibase.Scope.lambda$child$0(Scope.java:180)
	at liquibase.Scope.child(Scope.java:189)
	at liquibase.Scope.child(Scope.java:179)
	at liquibase.Scope.child(Scope.java:158)
	at liquibase.Liquibase.runInScope(Liquibase.java:2431)
	at liquibase.Liquibase.update(Liquibase.java:237)
	at liquibase.Liquibase.update(Liquibase.java:222)
	at liquibase.integration.commandline.Main.doMigration(Main.java:1832)
	... 32 more
Caused by: liquibase.exception.MigrationFailedException: Migration failed for changeset _init_/audit/create_schema.sql::1::NP:
     Reason: liquibase.exception.DatabaseException: ОШИБКА: нет доступа к базе данных premature [Failed SQL: (0) create schema if not exists audit]
	at liquibase.changelog.ChangeSet.execute(ChangeSet.java:722)
	at liquibase.changelog.visitor.UpdateVisitor.visit(UpdateVisitor.java:56)
	at liquibase.changelog.ChangeLogIterator$2.lambda$null$0(ChangeLogIterator.java:114)
	at liquibase.Scope.lambda$child$0(Scope.java:180)
	at liquibase.Scope.child(Scope.java:189)
	at liquibase.Scope.child(Scope.java:179)
	at liquibase.Scope.child(Scope.java:158)
	at liquibase.changelog.ChangeLogIterator$2.lambda$run$1(ChangeLogIterator.java:113)
	at liquibase.Scope.lambda$child$0(Scope.java:180)
	at liquibase.Scope.child(Scope.java:189)
	at liquibase.Scope.child(Scope.java:179)
	at liquibase.Scope.child(Scope.java:158)
	at liquibase.Scope.child(Scope.java:243)
	at liquibase.changelog.ChangeLogIterator$2.run(ChangeLogIterator.java:94)
	at liquibase.Scope.lambda$child$0(Scope.java:180)
	at liquibase.Scope.child(Scope.java:189)
	at liquibase.Scope.child(Scope.java:179)
	at liquibase.Scope.child(Scope.java:158)
	at liquibase.Scope.child(Scope.java:243)
	at liquibase.Scope.child(Scope.java:247)
	at liquibase.changelog.ChangeLogIterator.run(ChangeLogIterator.java:66)
	... 47 more
Caused by: liquibase.exception.DatabaseException: ОШИБКА: нет доступа к базе данных premature [Failed SQL: (0) create schema if not exists audit]
	at liquibase.executor.jvm.JdbcExecutor$ExecuteStatementCallback.doInStatement(JdbcExecutor.java:446)
	at liquibase.executor.jvm.JdbcExecutor.execute(JdbcExecutor.java:78)
	at liquibase.executor.jvm.JdbcExecutor.execute(JdbcExecutor.java:161)
	at liquibase.database.AbstractJdbcDatabase.execute(AbstractJdbcDatabase.java:1270)
	at liquibase.database.AbstractJdbcDatabase.executeStatements(AbstractJdbcDatabase.java:1252)
	at liquibase.changelog.ChangeSet.execute(ChangeSet.java:687)
	... 67 more
Caused by: org.postgresql.util.PSQLException: ОШИБКА: нет доступа к базе данных premature
	at org.postgresql.core.v3.QueryExecutorImpl.receiveErrorResponse(QueryExecutorImpl.java:2676)
	at org.postgresql.core.v3.QueryExecutorImpl.processResults(QueryExecutorImpl.java:2366)
	at org.postgresql.core.v3.QueryExecutorImpl.execute(QueryExecutorImpl.java:356)
	at org.postgresql.jdbc.PgStatement.executeInternal(PgStatement.java:496)
	at org.postgresql.jdbc.PgStatement.execute(PgStatement.java:413)
	at org.postgresql.jdbc.PgStatement.executeWithFlags(PgStatement.java:333)
	at org.postgresql.jdbc.PgStatement.executeCachedSql(PgStatement.java:319)
	at org.postgresql.jdbc.PgStatement.executeWithFlags(PgStatement.java:295)
	at org.postgresql.jdbc.PgStatement.execute(PgStatement.java:290)
	at liquibase.executor.jvm.JdbcExecutor$ExecuteStatementCallback.doInStatement(JdbcExecutor.java:442)
	... 72 more

[2023-03-21 23:58:45] WARNING [liquibase.configuration] Potentially ignored key(s) in file exists at path liquibase.properties
 - 'changeLogFile'
[2023-03-21 23:58:45] SEVERE [liquibase.integration] Migration failed for changeset _init_/audit/create_views.sql::3::NP:
     Reason: liquibase.exception.DatabaseException: ОШИБКА: столбец "time_stm" не существует
  Подсказка: Возможно, предполагалась ссылка на столбец "change_queue.time_tx".
  Позиция: 131 [Failed SQL: (0) create or replace view audit.vi_event as 
    select event_id, schema_name as schema, object_name as table
            , time_tx, time_stm, tx_id, tx_status
            , app_name, client_addr, client_query 
            , operation, old_data, new_data
            , target_status 
        from audit.change_queue
        order by event_id]
liquibase.exception.CommandExecutionException: liquibase.exception.LiquibaseException: liquibase.exception.MigrationFailedException: Migration failed for changeset _init_/audit/create_views.sql::3::NP:
     Reason: liquibase.exception.DatabaseException: ОШИБКА: столбец "time_stm" не существует
  Подсказка: Возможно, предполагалась ссылка на столбец "change_queue.time_tx".
  Позиция: 131 [Failed SQL: (0) create or replace view audit.vi_event as 
    select event_id, schema_name as schema, object_name as table
            , time_tx, time_stm, tx_id, tx_status
            , app_name, client_addr, client_query 
            , operation, old_data, new_data
            , target_status 
        from audit.change_queue
        order by event_id]
	at liquibase.command.CommandScope.execute(CommandScope.java:186)
	at liquibase.integration.commandline.Main.handleUpdateException(Main.java:2190)
	at liquibase.integration.commandline.Main.doMigration(Main.java:1834)
	at liquibase.integration.commandline.Main$1.lambda$run$0(Main.java:396)
	at liquibase.Scope.lambda$child$0(Scope.java:180)
	at liquibase.Scope.child(Scope.java:189)
	at liquibase.Scope.child(Scope.java:179)
	at liquibase.Scope.child(Scope.java:158)
	at liquibase.integration.commandline.Main$1.run(Main.java:395)
	at liquibase.integration.commandline.Main$1.run(Main.java:217)
	at liquibase.Scope.child(Scope.java:189)
	at liquibase.Scope.child(Scope.java:165)
	at liquibase.integration.commandline.Main.run(Main.java:217)
	at liquibase.command.AbstractCliWrapperCommandStep.run(AbstractCliWrapperCommandStep.java:32)
	at liquibase.command.CommandScope.execute(CommandScope.java:172)
	at liquibase.integration.commandline.CommandRunner.call(CommandRunner.java:55)
	at liquibase.integration.commandline.CommandRunner.call(CommandRunner.java:24)
	at picocli.CommandLine.executeUserObject(CommandLine.java:2041)
	at picocli.CommandLine.access$1500(CommandLine.java:148)
	at picocli.CommandLine$RunLast.executeUserObjectOfLastSubcommandWithSameParent(CommandLine.java:2461)
	at picocli.CommandLine$RunLast.handle(CommandLine.java:2453)
	at picocli.CommandLine$RunLast.handle(CommandLine.java:2415)
	at picocli.CommandLine$AbstractParseResultHandler.execute(CommandLine.java:2273)
	at picocli.CommandLine$RunLast.execute(CommandLine.java:2417)
	at picocli.CommandLine.execute(CommandLine.java:2170)
	at liquibase.integration.commandline.LiquibaseCommandLine.lambda$execute$1(LiquibaseCommandLine.java:352)
	at liquibase.Scope.child(Scope.java:189)
	at liquibase.Scope.child(Scope.java:165)
	at liquibase.integration.commandline.LiquibaseCommandLine.execute(LiquibaseCommandLine.java:317)
	at liquibase.integration.commandline.LiquibaseCommandLine.main(LiquibaseCommandLine.java:84)
	at java.base/jdk.internal.reflect.NativeMethodAccessorImpl.invoke0(Native Method)
	at java.base/jdk.internal.reflect.NativeMethodAccessorImpl.invoke(NativeMethodAccessorImpl.java:77)
	at java.base/jdk.internal.reflect.DelegatingMethodAccessorImpl.invoke(DelegatingMethodAccessorImpl.java:43)
	at java.base/java.lang.reflect.Method.invoke(Method.java:568)
	at liquibase.integration.commandline.LiquibaseLauncher.main(LiquibaseLauncher.java:107)
Caused by: liquibase.exception.LiquibaseException: liquibase.exception.MigrationFailedException: Migration failed for changeset _init_/audit/create_views.sql::3::NP:
     Reason: liquibase.exception.DatabaseException: ОШИБКА: столбец "time_stm" не существует
  Подсказка: Возможно, предполагалась ссылка на столбец "change_queue.time_tx".
  Позиция: 131 [Failed SQL: (0) create or replace view audit.vi_event as 
    select event_id, schema_name as schema, object_name as table
            , time_tx, time_stm, tx_id, tx_status
            , app_name, client_addr, client_query 
            , operation, old_data, new_data
            , target_status 
        from audit.change_queue
        order by event_id]
	at liquibase.changelog.ChangeLogIterator.run(ChangeLogIterator.java:127)
	at liquibase.Liquibase.lambda$null$0(Liquibase.java:291)
	at liquibase.Scope.lambda$child$0(Scope.java:180)
	at liquibase.Scope.child(Scope.java:189)
	at liquibase.Scope.child(Scope.java:179)
	at liquibase.Scope.child(Scope.java:158)
	at liquibase.Scope.child(Scope.java:243)
	at liquibase.Liquibase.lambda$update$1(Liquibase.java:290)
	at liquibase.Scope.lambda$child$0(Scope.java:180)
	at liquibase.Scope.child(Scope.java:189)
	at liquibase.Scope.child(Scope.java:179)
	at liquibase.Scope.child(Scope.java:158)
	at liquibase.Liquibase.runInScope(Liquibase.java:2431)
	at liquibase.Liquibase.update(Liquibase.java:237)
	at liquibase.Liquibase.update(Liquibase.java:222)
	at liquibase.integration.commandline.Main.doMigration(Main.java:1832)
	... 32 more
Caused by: liquibase.exception.MigrationFailedException: Migration failed for changeset _init_/audit/create_views.sql::3::NP:
     Reason: liquibase.exception.DatabaseException: ОШИБКА: столбец "time_stm" не существует
  Подсказка: Возможно, предполагалась ссылка на столбец "change_queue.time_tx".
  Позиция: 131 [Failed SQL: (0) create or replace view audit.vi_event as 
    select event_id, schema_name as schema, object_name as table
            , time_tx, time_stm, tx_id, tx_status
            , app_name, client_addr, client_query 
            , operation, old_data, new_data
            , target_status 
        from audit.change_queue
        order by event_id]
	at liquibase.changelog.ChangeSet.execute(ChangeSet.java:722)
	at liquibase.changelog.visitor.UpdateVisitor.visit(UpdateVisitor.java:56)
	at liquibase.changelog.ChangeLogIterator$2.lambda$null$0(ChangeLogIterator.java:114)
	at liquibase.Scope.lambda$child$0(Scope.java:180)
	at liquibase.Scope.child(Scope.java:189)
	at liquibase.Scope.child(Scope.java:179)
	at liquibase.Scope.child(Scope.java:158)
	at liquibase.changelog.ChangeLogIterator$2.lambda$run$1(ChangeLogIterator.java:113)
	at liquibase.Scope.lambda$child$0(Scope.java:180)
	at liquibase.Scope.child(Scope.java:189)
	at liquibase.Scope.child(Scope.java:179)
	at liquibase.Scope.child(Scope.java:158)
	at liquibase.Scope.child(Scope.java:243)
	at liquibase.changelog.ChangeLogIterator$2.run(ChangeLogIterator.java:94)
	at liquibase.Scope.lambda$child$0(Scope.java:180)
	at liquibase.Scope.child(Scope.java:189)
	at liquibase.Scope.child(Scope.java:179)
	at liquibase.Scope.child(Scope.java:158)
	at liquibase.Scope.child(Scope.java:243)
	at liquibase.Scope.child(Scope.java:247)
	at liquibase.changelog.ChangeLogIterator.run(ChangeLogIterator.java:66)
	... 47 more
Caused by: liquibase.exception.DatabaseException: ОШИБКА: столбец "time_stm" не существует
  Подсказка: Возможно, предполагалась ссылка на столбец "change_queue.time_tx".
  Позиция: 131 [Failed SQL: (0) create or replace view audit.vi_event as 
    select event_id, schema_name as schema, object_name as table
            , time_tx, time_stm, tx_id, tx_status
            , app_name, client_addr, client_query 
            , operation, old_data, new_data
            , target_status 
        from audit.change_queue
        order by event_id]
	at liquibase.executor.jvm.JdbcExecutor$ExecuteStatementCallback.doInStatement(JdbcExecutor.java:446)
	at liquibase.executor.jvm.JdbcExecutor.execute(JdbcExecutor.java:78)
	at liquibase.executor.jvm.JdbcExecutor.execute(JdbcExecutor.java:161)
	at liquibase.database.AbstractJdbcDatabase.execute(AbstractJdbcDatabase.java:1270)
	at liquibase.database.AbstractJdbcDatabase.executeStatements(AbstractJdbcDatabase.java:1252)
	at liquibase.changelog.ChangeSet.execute(ChangeSet.java:687)
	... 67 more
Caused by: org.postgresql.util.PSQLException: ОШИБКА: столбец "time_stm" не существует
  Подсказка: Возможно, предполагалась ссылка на столбец "change_queue.time_tx".
  Позиция: 131
	at org.postgresql.core.v3.QueryExecutorImpl.receiveErrorResponse(QueryExecutorImpl.java:2676)
	at org.postgresql.core.v3.QueryExecutorImpl.processResults(QueryExecutorImpl.java:2366)
	at org.postgresql.core.v3.QueryExecutorImpl.execute(QueryExecutorImpl.java:356)
	at org.postgresql.jdbc.PgStatement.executeInternal(PgStatement.java:496)
	at org.postgresql.jdbc.PgStatement.execute(PgStatement.java:413)
	at org.postgresql.jdbc.PgStatement.executeWithFlags(PgStatement.java:333)
	at org.postgresql.jdbc.PgStatement.executeCachedSql(PgStatement.java:319)
	at org.postgresql.jdbc.PgStatement.executeWithFlags(PgStatement.java:295)
	at org.postgresql.jdbc.PgStatement.execute(PgStatement.java:290)
	at liquibase.executor.jvm.JdbcExecutor$ExecuteStatementCallback.doInStatement(JdbcExecutor.java:442)
	... 72 more

[2023-03-22 00:02:37] WARNING [liquibase.configuration] Potentially ignored key(s) in file exists at path liquibase.properties
 - 'changeLogFile'
[2023-03-22 00:02:37] SEVERE [liquibase.integration] Migration failed for changeset _init_/audit/create_views.sql::3::NP:
     Reason: liquibase.exception.DatabaseException: ОШИБКА: столбец "target_status" не существует
  Позиция: 257 [Failed SQL: (0) create or replace view audit.vi_event as 
    select event_id, schema_name as schema, object_name as table
            , time_tx, tx_id, tx_status
            , app_name, client_addr, client_query 
            , operation, old_data, new_data
            , target_status 
        from audit.change_queue
        order by event_id]
liquibase.exception.CommandExecutionException: liquibase.exception.LiquibaseException: liquibase.exception.MigrationFailedException: Migration failed for changeset _init_/audit/create_views.sql::3::NP:
     Reason: liquibase.exception.DatabaseException: ОШИБКА: столбец "target_status" не существует
  Позиция: 257 [Failed SQL: (0) create or replace view audit.vi_event as 
    select event_id, schema_name as schema, object_name as table
            , time_tx, tx_id, tx_status
            , app_name, client_addr, client_query 
            , operation, old_data, new_data
            , target_status 
        from audit.change_queue
        order by event_id]
	at liquibase.command.CommandScope.execute(CommandScope.java:186)
	at liquibase.integration.commandline.Main.handleUpdateException(Main.java:2190)
	at liquibase.integration.commandline.Main.doMigration(Main.java:1834)
	at liquibase.integration.commandline.Main$1.lambda$run$0(Main.java:396)
	at liquibase.Scope.lambda$child$0(Scope.java:180)
	at liquibase.Scope.child(Scope.java:189)
	at liquibase.Scope.child(Scope.java:179)
	at liquibase.Scope.child(Scope.java:158)
	at liquibase.integration.commandline.Main$1.run(Main.java:395)
	at liquibase.integration.commandline.Main$1.run(Main.java:217)
	at liquibase.Scope.child(Scope.java:189)
	at liquibase.Scope.child(Scope.java:165)
	at liquibase.integration.commandline.Main.run(Main.java:217)
	at liquibase.command.AbstractCliWrapperCommandStep.run(AbstractCliWrapperCommandStep.java:32)
	at liquibase.command.CommandScope.execute(CommandScope.java:172)
	at liquibase.integration.commandline.CommandRunner.call(CommandRunner.java:55)
	at liquibase.integration.commandline.CommandRunner.call(CommandRunner.java:24)
	at picocli.CommandLine.executeUserObject(CommandLine.java:2041)
	at picocli.CommandLine.access$1500(CommandLine.java:148)
	at picocli.CommandLine$RunLast.executeUserObjectOfLastSubcommandWithSameParent(CommandLine.java:2461)
	at picocli.CommandLine$RunLast.handle(CommandLine.java:2453)
	at picocli.CommandLine$RunLast.handle(CommandLine.java:2415)
	at picocli.CommandLine$AbstractParseResultHandler.execute(CommandLine.java:2273)
	at picocli.CommandLine$RunLast.execute(CommandLine.java:2417)
	at picocli.CommandLine.execute(CommandLine.java:2170)
	at liquibase.integration.commandline.LiquibaseCommandLine.lambda$execute$1(LiquibaseCommandLine.java:352)
	at liquibase.Scope.child(Scope.java:189)
	at liquibase.Scope.child(Scope.java:165)
	at liquibase.integration.commandline.LiquibaseCommandLine.execute(LiquibaseCommandLine.java:317)
	at liquibase.integration.commandline.LiquibaseCommandLine.main(LiquibaseCommandLine.java:84)
	at java.base/jdk.internal.reflect.NativeMethodAccessorImpl.invoke0(Native Method)
	at java.base/jdk.internal.reflect.NativeMethodAccessorImpl.invoke(NativeMethodAccessorImpl.java:77)
	at java.base/jdk.internal.reflect.DelegatingMethodAccessorImpl.invoke(DelegatingMethodAccessorImpl.java:43)
	at java.base/java.lang.reflect.Method.invoke(Method.java:568)
	at liquibase.integration.commandline.LiquibaseLauncher.main(LiquibaseLauncher.java:107)
Caused by: liquibase.exception.LiquibaseException: liquibase.exception.MigrationFailedException: Migration failed for changeset _init_/audit/create_views.sql::3::NP:
     Reason: liquibase.exception.DatabaseException: ОШИБКА: столбец "target_status" не существует
  Позиция: 257 [Failed SQL: (0) create or replace view audit.vi_event as 
    select event_id, schema_name as schema, object_name as table
            , time_tx, tx_id, tx_status
            , app_name, client_addr, client_query 
            , operation, old_data, new_data
            , target_status 
        from audit.change_queue
        order by event_id]
	at liquibase.changelog.ChangeLogIterator.run(ChangeLogIterator.java:127)
	at liquibase.Liquibase.lambda$null$0(Liquibase.java:291)
	at liquibase.Scope.lambda$child$0(Scope.java:180)
	at liquibase.Scope.child(Scope.java:189)
	at liquibase.Scope.child(Scope.java:179)
	at liquibase.Scope.child(Scope.java:158)
	at liquibase.Scope.child(Scope.java:243)
	at liquibase.Liquibase.lambda$update$1(Liquibase.java:290)
	at liquibase.Scope.lambda$child$0(Scope.java:180)
	at liquibase.Scope.child(Scope.java:189)
	at liquibase.Scope.child(Scope.java:179)
	at liquibase.Scope.child(Scope.java:158)
	at liquibase.Liquibase.runInScope(Liquibase.java:2431)
	at liquibase.Liquibase.update(Liquibase.java:237)
	at liquibase.Liquibase.update(Liquibase.java:222)
	at liquibase.integration.commandline.Main.doMigration(Main.java:1832)
	... 32 more
Caused by: liquibase.exception.MigrationFailedException: Migration failed for changeset _init_/audit/create_views.sql::3::NP:
     Reason: liquibase.exception.DatabaseException: ОШИБКА: столбец "target_status" не существует
  Позиция: 257 [Failed SQL: (0) create or replace view audit.vi_event as 
    select event_id, schema_name as schema, object_name as table
            , time_tx, tx_id, tx_status
            , app_name, client_addr, client_query 
            , operation, old_data, new_data
            , target_status 
        from audit.change_queue
        order by event_id]
	at liquibase.changelog.ChangeSet.execute(ChangeSet.java:722)
	at liquibase.changelog.visitor.UpdateVisitor.visit(UpdateVisitor.java:56)
	at liquibase.changelog.ChangeLogIterator$2.lambda$null$0(ChangeLogIterator.java:114)
	at liquibase.Scope.lambda$child$0(Scope.java:180)
	at liquibase.Scope.child(Scope.java:189)
	at liquibase.Scope.child(Scope.java:179)
	at liquibase.Scope.child(Scope.java:158)
	at liquibase.changelog.ChangeLogIterator$2.lambda$run$1(ChangeLogIterator.java:113)
	at liquibase.Scope.lambda$child$0(Scope.java:180)
	at liquibase.Scope.child(Scope.java:189)
	at liquibase.Scope.child(Scope.java:179)
	at liquibase.Scope.child(Scope.java:158)
	at liquibase.Scope.child(Scope.java:243)
	at liquibase.changelog.ChangeLogIterator$2.run(ChangeLogIterator.java:94)
	at liquibase.Scope.lambda$child$0(Scope.java:180)
	at liquibase.Scope.child(Scope.java:189)
	at liquibase.Scope.child(Scope.java:179)
	at liquibase.Scope.child(Scope.java:158)
	at liquibase.Scope.child(Scope.java:243)
	at liquibase.Scope.child(Scope.java:247)
	at liquibase.changelog.ChangeLogIterator.run(ChangeLogIterator.java:66)
	... 47 more
Caused by: liquibase.exception.DatabaseException: ОШИБКА: столбец "target_status" не существует
  Позиция: 257 [Failed SQL: (0) create or replace view audit.vi_event as 
    select event_id, schema_name as schema, object_name as table
            , time_tx, tx_id, tx_status
            , app_name, client_addr, client_query 
            , operation, old_data, new_data
            , target_status 
        from audit.change_queue
        order by event_id]
	at liquibase.executor.jvm.JdbcExecutor$ExecuteStatementCallback.doInStatement(JdbcExecutor.java:446)
	at liquibase.executor.jvm.JdbcExecutor.execute(JdbcExecutor.java:78)
	at liquibase.executor.jvm.JdbcExecutor.execute(JdbcExecutor.java:161)
	at liquibase.database.AbstractJdbcDatabase.execute(AbstractJdbcDatabase.java:1270)
	at liquibase.database.AbstractJdbcDatabase.executeStatements(AbstractJdbcDatabase.java:1252)
	at liquibase.changelog.ChangeSet.execute(ChangeSet.java:687)
	... 67 more
Caused by: org.postgresql.util.PSQLException: ОШИБКА: столбец "target_status" не существует
  Позиция: 257
	at org.postgresql.core.v3.QueryExecutorImpl.receiveErrorResponse(QueryExecutorImpl.java:2676)
	at org.postgresql.core.v3.QueryExecutorImpl.processResults(QueryExecutorImpl.java:2366)
	at org.postgresql.core.v3.QueryExecutorImpl.execute(QueryExecutorImpl.java:356)
	at org.postgresql.jdbc.PgStatement.executeInternal(PgStatement.java:496)
	at org.postgresql.jdbc.PgStatement.execute(PgStatement.java:413)
	at org.postgresql.jdbc.PgStatement.executeWithFlags(PgStatement.java:333)
	at org.postgresql.jdbc.PgStatement.executeCachedSql(PgStatement.java:319)
	at org.postgresql.jdbc.PgStatement.executeWithFlags(PgStatement.java:295)
	at org.postgresql.jdbc.PgStatement.execute(PgStatement.java:290)
	at liquibase.executor.jvm.JdbcExecutor$ExecuteStatementCallback.doInStatement(JdbcExecutor.java:442)
	... 72 more

[2023-03-22 00:02:57] WARNING [liquibase.configuration] Potentially ignored key(s) in file exists at path liquibase.properties
 - 'changeLogFile'
[2023-03-22 00:02:57] SEVERE [liquibase.integration] Migration failed for changeset _init_/audit/create_views_queue.sql::1::NP:
     Reason: liquibase.exception.DatabaseException: ОШИБКА: столбец "time_clk" не существует
  Подсказка: Возможно, предполагалась ссылка на столбец "change_queue.time_tx".
  Позиция: 80 [Failed SQL: (0) create or replace view audit.vi_operation_day as 
    select date_trunc('day', time_clk)
            , count(*) as cnt
            , round((count(*)::float / 60)::numeric, 0) as per_min
            , count(*) filter(where operation = 'I') as inserts
            , count(*) filter(where operation = 'U') as updates
            , count(*) filter(where operation = 'D') as deletes
            , count(*) filter(where operation = 'T') as truncates
        from audit.change_queue
        group by date_trunc('day', time_clk)
        order by 1]
liquibase.exception.CommandExecutionException: liquibase.exception.LiquibaseException: liquibase.exception.MigrationFailedException: Migration failed for changeset _init_/audit/create_views_queue.sql::1::NP:
     Reason: liquibase.exception.DatabaseException: ОШИБКА: столбец "time_clk" не существует
  Подсказка: Возможно, предполагалась ссылка на столбец "change_queue.time_tx".
  Позиция: 80 [Failed SQL: (0) create or replace view audit.vi_operation_day as 
    select date_trunc('day', time_clk)
            , count(*) as cnt
            , round((count(*)::float / 60)::numeric, 0) as per_min
            , count(*) filter(where operation = 'I') as inserts
            , count(*) filter(where operation = 'U') as updates
            , count(*) filter(where operation = 'D') as deletes
            , count(*) filter(where operation = 'T') as truncates
        from audit.change_queue
        group by date_trunc('day', time_clk)
        order by 1]
	at liquibase.command.CommandScope.execute(CommandScope.java:186)
	at liquibase.integration.commandline.Main.handleUpdateException(Main.java:2190)
	at liquibase.integration.commandline.Main.doMigration(Main.java:1834)
	at liquibase.integration.commandline.Main$1.lambda$run$0(Main.java:396)
	at liquibase.Scope.lambda$child$0(Scope.java:180)
	at liquibase.Scope.child(Scope.java:189)
	at liquibase.Scope.child(Scope.java:179)
	at liquibase.Scope.child(Scope.java:158)
	at liquibase.integration.commandline.Main$1.run(Main.java:395)
	at liquibase.integration.commandline.Main$1.run(Main.java:217)
	at liquibase.Scope.child(Scope.java:189)
	at liquibase.Scope.child(Scope.java:165)
	at liquibase.integration.commandline.Main.run(Main.java:217)
	at liquibase.command.AbstractCliWrapperCommandStep.run(AbstractCliWrapperCommandStep.java:32)
	at liquibase.command.CommandScope.execute(CommandScope.java:172)
	at liquibase.integration.commandline.CommandRunner.call(CommandRunner.java:55)
	at liquibase.integration.commandline.CommandRunner.call(CommandRunner.java:24)
	at picocli.CommandLine.executeUserObject(CommandLine.java:2041)
	at picocli.CommandLine.access$1500(CommandLine.java:148)
	at picocli.CommandLine$RunLast.executeUserObjectOfLastSubcommandWithSameParent(CommandLine.java:2461)
	at picocli.CommandLine$RunLast.handle(CommandLine.java:2453)
	at picocli.CommandLine$RunLast.handle(CommandLine.java:2415)
	at picocli.CommandLine$AbstractParseResultHandler.execute(CommandLine.java:2273)
	at picocli.CommandLine$RunLast.execute(CommandLine.java:2417)
	at picocli.CommandLine.execute(CommandLine.java:2170)
	at liquibase.integration.commandline.LiquibaseCommandLine.lambda$execute$1(LiquibaseCommandLine.java:352)
	at liquibase.Scope.child(Scope.java:189)
	at liquibase.Scope.child(Scope.java:165)
	at liquibase.integration.commandline.LiquibaseCommandLine.execute(LiquibaseCommandLine.java:317)
	at liquibase.integration.commandline.LiquibaseCommandLine.main(LiquibaseCommandLine.java:84)
	at java.base/jdk.internal.reflect.NativeMethodAccessorImpl.invoke0(Native Method)
	at java.base/jdk.internal.reflect.NativeMethodAccessorImpl.invoke(NativeMethodAccessorImpl.java:77)
	at java.base/jdk.internal.reflect.DelegatingMethodAccessorImpl.invoke(DelegatingMethodAccessorImpl.java:43)
	at java.base/java.lang.reflect.Method.invoke(Method.java:568)
	at liquibase.integration.commandline.LiquibaseLauncher.main(LiquibaseLauncher.java:107)
Caused by: liquibase.exception.LiquibaseException: liquibase.exception.MigrationFailedException: Migration failed for changeset _init_/audit/create_views_queue.sql::1::NP:
     Reason: liquibase.exception.DatabaseException: ОШИБКА: столбец "time_clk" не существует
  Подсказка: Возможно, предполагалась ссылка на столбец "change_queue.time_tx".
  Позиция: 80 [Failed SQL: (0) create or replace view audit.vi_operation_day as 
    select date_trunc('day', time_clk)
            , count(*) as cnt
            , round((count(*)::float / 60)::numeric, 0) as per_min
            , count(*) filter(where operation = 'I') as inserts
            , count(*) filter(where operation = 'U') as updates
            , count(*) filter(where operation = 'D') as deletes
            , count(*) filter(where operation = 'T') as truncates
        from audit.change_queue
        group by date_trunc('day', time_clk)
        order by 1]
	at liquibase.changelog.ChangeLogIterator.run(ChangeLogIterator.java:127)
	at liquibase.Liquibase.lambda$null$0(Liquibase.java:291)
	at liquibase.Scope.lambda$child$0(Scope.java:180)
	at liquibase.Scope.child(Scope.java:189)
	at liquibase.Scope.child(Scope.java:179)
	at liquibase.Scope.child(Scope.java:158)
	at liquibase.Scope.child(Scope.java:243)
	at liquibase.Liquibase.lambda$update$1(Liquibase.java:290)
	at liquibase.Scope.lambda$child$0(Scope.java:180)
	at liquibase.Scope.child(Scope.java:189)
	at liquibase.Scope.child(Scope.java:179)
	at liquibase.Scope.child(Scope.java:158)
	at liquibase.Liquibase.runInScope(Liquibase.java:2431)
	at liquibase.Liquibase.update(Liquibase.java:237)
	at liquibase.Liquibase.update(Liquibase.java:222)
	at liquibase.integration.commandline.Main.doMigration(Main.java:1832)
	... 32 more
Caused by: liquibase.exception.MigrationFailedException: Migration failed for changeset _init_/audit/create_views_queue.sql::1::NP:
     Reason: liquibase.exception.DatabaseException: ОШИБКА: столбец "time_clk" не существует
  Подсказка: Возможно, предполагалась ссылка на столбец "change_queue.time_tx".
  Позиция: 80 [Failed SQL: (0) create or replace view audit.vi_operation_day as 
    select date_trunc('day', time_clk)
            , count(*) as cnt
            , round((count(*)::float / 60)::numeric, 0) as per_min
            , count(*) filter(where operation = 'I') as inserts
            , count(*) filter(where operation = 'U') as updates
            , count(*) filter(where operation = 'D') as deletes
            , count(*) filter(where operation = 'T') as truncates
        from audit.change_queue
        group by date_trunc('day', time_clk)
        order by 1]
	at liquibase.changelog.ChangeSet.execute(ChangeSet.java:722)
	at liquibase.changelog.visitor.UpdateVisitor.visit(UpdateVisitor.java:56)
	at liquibase.changelog.ChangeLogIterator$2.lambda$null$0(ChangeLogIterator.java:114)
	at liquibase.Scope.lambda$child$0(Scope.java:180)
	at liquibase.Scope.child(Scope.java:189)
	at liquibase.Scope.child(Scope.java:179)
	at liquibase.Scope.child(Scope.java:158)
	at liquibase.changelog.ChangeLogIterator$2.lambda$run$1(ChangeLogIterator.java:113)
	at liquibase.Scope.lambda$child$0(Scope.java:180)
	at liquibase.Scope.child(Scope.java:189)
	at liquibase.Scope.child(Scope.java:179)
	at liquibase.Scope.child(Scope.java:158)
	at liquibase.Scope.child(Scope.java:243)
	at liquibase.changelog.ChangeLogIterator$2.run(ChangeLogIterator.java:94)
	at liquibase.Scope.lambda$child$0(Scope.java:180)
	at liquibase.Scope.child(Scope.java:189)
	at liquibase.Scope.child(Scope.java:179)
	at liquibase.Scope.child(Scope.java:158)
	at liquibase.Scope.child(Scope.java:243)
	at liquibase.Scope.child(Scope.java:247)
	at liquibase.changelog.ChangeLogIterator.run(ChangeLogIterator.java:66)
	... 47 more
Caused by: liquibase.exception.DatabaseException: ОШИБКА: столбец "time_clk" не существует
  Подсказка: Возможно, предполагалась ссылка на столбец "change_queue.time_tx".
  Позиция: 80 [Failed SQL: (0) create or replace view audit.vi_operation_day as 
    select date_trunc('day', time_clk)
            , count(*) as cnt
            , round((count(*)::float / 60)::numeric, 0) as per_min
            , count(*) filter(where operation = 'I') as inserts
            , count(*) filter(where operation = 'U') as updates
            , count(*) filter(where operation = 'D') as deletes
            , count(*) filter(where operation = 'T') as truncates
        from audit.change_queue
        group by date_trunc('day', time_clk)
        order by 1]
	at liquibase.executor.jvm.JdbcExecutor$ExecuteStatementCallback.doInStatement(JdbcExecutor.java:446)
	at liquibase.executor.jvm.JdbcExecutor.execute(JdbcExecutor.java:78)
	at liquibase.executor.jvm.JdbcExecutor.execute(JdbcExecutor.java:161)
	at liquibase.database.AbstractJdbcDatabase.execute(AbstractJdbcDatabase.java:1270)
	at liquibase.database.AbstractJdbcDatabase.executeStatements(AbstractJdbcDatabase.java:1252)
	at liquibase.changelog.ChangeSet.execute(ChangeSet.java:687)
	... 67 more
Caused by: org.postgresql.util.PSQLException: ОШИБКА: столбец "time_clk" не существует
  Подсказка: Возможно, предполагалась ссылка на столбец "change_queue.time_tx".
  Позиция: 80
	at org.postgresql.core.v3.QueryExecutorImpl.receiveErrorResponse(QueryExecutorImpl.java:2676)
	at org.postgresql.core.v3.QueryExecutorImpl.processResults(QueryExecutorImpl.java:2366)
	at org.postgresql.core.v3.QueryExecutorImpl.execute(QueryExecutorImpl.java:356)
	at org.postgresql.jdbc.PgStatement.executeInternal(PgStatement.java:496)
	at org.postgresql.jdbc.PgStatement.execute(PgStatement.java:413)
	at org.postgresql.jdbc.PgStatement.executeWithFlags(PgStatement.java:333)
	at org.postgresql.jdbc.PgStatement.executeCachedSql(PgStatement.java:319)
	at org.postgresql.jdbc.PgStatement.executeWithFlags(PgStatement.java:295)
	at org.postgresql.jdbc.PgStatement.execute(PgStatement.java:290)
	at liquibase.executor.jvm.JdbcExecutor$ExecuteStatementCallback.doInStatement(JdbcExecutor.java:442)
	... 72 more

[2023-03-22 00:04:04] WARNING [liquibase.configuration] Potentially ignored key(s) in file exists at path liquibase.properties
 - 'changeLogFile'
[2023-03-22 00:04:04] SEVERE [liquibase.integration] Migration failed for changeset _init_/audit/create_views_queue.sql::5::NP:
     Reason: liquibase.exception.DatabaseException: ОШИБКА: столбец "target_status" не существует
  Позиция: 73 [Failed SQL: (0) create or replace view audit.vi_queue_target_status as 
    
    select target_status, count(*)
        from audit.change_queue
        group by target_status]
liquibase.exception.CommandExecutionException: liquibase.exception.LiquibaseException: liquibase.exception.MigrationFailedException: Migration failed for changeset _init_/audit/create_views_queue.sql::5::NP:
     Reason: liquibase.exception.DatabaseException: ОШИБКА: столбец "target_status" не существует
  Позиция: 73 [Failed SQL: (0) create or replace view audit.vi_queue_target_status as 
    
    select target_status, count(*)
        from audit.change_queue
        group by target_status]
	at liquibase.command.CommandScope.execute(CommandScope.java:186)
	at liquibase.integration.commandline.Main.handleUpdateException(Main.java:2190)
	at liquibase.integration.commandline.Main.doMigration(Main.java:1834)
	at liquibase.integration.commandline.Main$1.lambda$run$0(Main.java:396)
	at liquibase.Scope.lambda$child$0(Scope.java:180)
	at liquibase.Scope.child(Scope.java:189)
	at liquibase.Scope.child(Scope.java:179)
	at liquibase.Scope.child(Scope.java:158)
	at liquibase.integration.commandline.Main$1.run(Main.java:395)
	at liquibase.integration.commandline.Main$1.run(Main.java:217)
	at liquibase.Scope.child(Scope.java:189)
	at liquibase.Scope.child(Scope.java:165)
	at liquibase.integration.commandline.Main.run(Main.java:217)
	at liquibase.command.AbstractCliWrapperCommandStep.run(AbstractCliWrapperCommandStep.java:32)
	at liquibase.command.CommandScope.execute(CommandScope.java:172)
	at liquibase.integration.commandline.CommandRunner.call(CommandRunner.java:55)
	at liquibase.integration.commandline.CommandRunner.call(CommandRunner.java:24)
	at picocli.CommandLine.executeUserObject(CommandLine.java:2041)
	at picocli.CommandLine.access$1500(CommandLine.java:148)
	at picocli.CommandLine$RunLast.executeUserObjectOfLastSubcommandWithSameParent(CommandLine.java:2461)
	at picocli.CommandLine$RunLast.handle(CommandLine.java:2453)
	at picocli.CommandLine$RunLast.handle(CommandLine.java:2415)
	at picocli.CommandLine$AbstractParseResultHandler.execute(CommandLine.java:2273)
	at picocli.CommandLine$RunLast.execute(CommandLine.java:2417)
	at picocli.CommandLine.execute(CommandLine.java:2170)
	at liquibase.integration.commandline.LiquibaseCommandLine.lambda$execute$1(LiquibaseCommandLine.java:352)
	at liquibase.Scope.child(Scope.java:189)
	at liquibase.Scope.child(Scope.java:165)
	at liquibase.integration.commandline.LiquibaseCommandLine.execute(LiquibaseCommandLine.java:317)
	at liquibase.integration.commandline.LiquibaseCommandLine.main(LiquibaseCommandLine.java:84)
	at java.base/jdk.internal.reflect.NativeMethodAccessorImpl.invoke0(Native Method)
	at java.base/jdk.internal.reflect.NativeMethodAccessorImpl.invoke(NativeMethodAccessorImpl.java:77)
	at java.base/jdk.internal.reflect.DelegatingMethodAccessorImpl.invoke(DelegatingMethodAccessorImpl.java:43)
	at java.base/java.lang.reflect.Method.invoke(Method.java:568)
	at liquibase.integration.commandline.LiquibaseLauncher.main(LiquibaseLauncher.java:107)
Caused by: liquibase.exception.LiquibaseException: liquibase.exception.MigrationFailedException: Migration failed for changeset _init_/audit/create_views_queue.sql::5::NP:
     Reason: liquibase.exception.DatabaseException: ОШИБКА: столбец "target_status" не существует
  Позиция: 73 [Failed SQL: (0) create or replace view audit.vi_queue_target_status as 
    
    select target_status, count(*)
        from audit.change_queue
        group by target_status]
	at liquibase.changelog.ChangeLogIterator.run(ChangeLogIterator.java:127)
	at liquibase.Liquibase.lambda$null$0(Liquibase.java:291)
	at liquibase.Scope.lambda$child$0(Scope.java:180)
	at liquibase.Scope.child(Scope.java:189)
	at liquibase.Scope.child(Scope.java:179)
	at liquibase.Scope.child(Scope.java:158)
	at liquibase.Scope.child(Scope.java:243)
	at liquibase.Liquibase.lambda$update$1(Liquibase.java:290)
	at liquibase.Scope.lambda$child$0(Scope.java:180)
	at liquibase.Scope.child(Scope.java:189)
	at liquibase.Scope.child(Scope.java:179)
	at liquibase.Scope.child(Scope.java:158)
	at liquibase.Liquibase.runInScope(Liquibase.java:2431)
	at liquibase.Liquibase.update(Liquibase.java:237)
	at liquibase.Liquibase.update(Liquibase.java:222)
	at liquibase.integration.commandline.Main.doMigration(Main.java:1832)
	... 32 more
Caused by: liquibase.exception.MigrationFailedException: Migration failed for changeset _init_/audit/create_views_queue.sql::5::NP:
     Reason: liquibase.exception.DatabaseException: ОШИБКА: столбец "target_status" не существует
  Позиция: 73 [Failed SQL: (0) create or replace view audit.vi_queue_target_status as 
    
    select target_status, count(*)
        from audit.change_queue
        group by target_status]
	at liquibase.changelog.ChangeSet.execute(ChangeSet.java:722)
	at liquibase.changelog.visitor.UpdateVisitor.visit(UpdateVisitor.java:56)
	at liquibase.changelog.ChangeLogIterator$2.lambda$null$0(ChangeLogIterator.java:114)
	at liquibase.Scope.lambda$child$0(Scope.java:180)
	at liquibase.Scope.child(Scope.java:189)
	at liquibase.Scope.child(Scope.java:179)
	at liquibase.Scope.child(Scope.java:158)
	at liquibase.changelog.ChangeLogIterator$2.lambda$run$1(ChangeLogIterator.java:113)
	at liquibase.Scope.lambda$child$0(Scope.java:180)
	at liquibase.Scope.child(Scope.java:189)
	at liquibase.Scope.child(Scope.java:179)
	at liquibase.Scope.child(Scope.java:158)
	at liquibase.Scope.child(Scope.java:243)
	at liquibase.changelog.ChangeLogIterator$2.run(ChangeLogIterator.java:94)
	at liquibase.Scope.lambda$child$0(Scope.java:180)
	at liquibase.Scope.child(Scope.java:189)
	at liquibase.Scope.child(Scope.java:179)
	at liquibase.Scope.child(Scope.java:158)
	at liquibase.Scope.child(Scope.java:243)
	at liquibase.Scope.child(Scope.java:247)
	at liquibase.changelog.ChangeLogIterator.run(ChangeLogIterator.java:66)
	... 47 more
Caused by: liquibase.exception.DatabaseException: ОШИБКА: столбец "target_status" не существует
  Позиция: 73 [Failed SQL: (0) create or replace view audit.vi_queue_target_status as 
    
    select target_status, count(*)
        from audit.change_queue
        group by target_status]
	at liquibase.executor.jvm.JdbcExecutor$ExecuteStatementCallback.doInStatement(JdbcExecutor.java:446)
	at liquibase.executor.jvm.JdbcExecutor.execute(JdbcExecutor.java:78)
	at liquibase.executor.jvm.JdbcExecutor.execute(JdbcExecutor.java:161)
	at liquibase.database.AbstractJdbcDatabase.execute(AbstractJdbcDatabase.java:1270)
	at liquibase.database.AbstractJdbcDatabase.executeStatements(AbstractJdbcDatabase.java:1252)
	at liquibase.changelog.ChangeSet.execute(ChangeSet.java:687)
	... 67 more
Caused by: org.postgresql.util.PSQLException: ОШИБКА: столбец "target_status" не существует
  Позиция: 73
	at org.postgresql.core.v3.QueryExecutorImpl.receiveErrorResponse(QueryExecutorImpl.java:2676)
	at org.postgresql.core.v3.QueryExecutorImpl.processResults(QueryExecutorImpl.java:2366)
	at org.postgresql.core.v3.QueryExecutorImpl.execute(QueryExecutorImpl.java:356)
	at org.postgresql.jdbc.PgStatement.executeInternal(PgStatement.java:496)
	at org.postgresql.jdbc.PgStatement.execute(PgStatement.java:413)
	at org.postgresql.jdbc.PgStatement.executeWithFlags(PgStatement.java:333)
	at org.postgresql.jdbc.PgStatement.executeCachedSql(PgStatement.java:319)
	at org.postgresql.jdbc.PgStatement.executeWithFlags(PgStatement.java:295)
	at org.postgresql.jdbc.PgStatement.execute(PgStatement.java:290)
	at liquibase.executor.jvm.JdbcExecutor$ExecuteStatementCallback.doInStatement(JdbcExecutor.java:442)
	... 72 more

[2023-03-22 00:06:12] WARNING [liquibase.configuration] Potentially ignored key(s) in file exists at path liquibase.properties
 - 'changeLogFile'
[2023-03-22 00:06:12] SEVERE [liquibase.integration] Migration failed for changeset _init_/audit/create_views_queue.sql::8::NP:
     Reason: liquibase.exception.DatabaseException: ОШИБКА: столбец "target_status" не существует
  Позиция: 67 [Failed SQL: (0) create or replace view audit.vi_queue_target_count as 
    select target_status, count(*)
        from audit.change_queue
        group by target_status]
liquibase.exception.CommandExecutionException: liquibase.exception.LiquibaseException: liquibase.exception.MigrationFailedException: Migration failed for changeset _init_/audit/create_views_queue.sql::8::NP:
     Reason: liquibase.exception.DatabaseException: ОШИБКА: столбец "target_status" не существует
  Позиция: 67 [Failed SQL: (0) create or replace view audit.vi_queue_target_count as 
    select target_status, count(*)
        from audit.change_queue
        group by target_status]
	at liquibase.command.CommandScope.execute(CommandScope.java:186)
	at liquibase.integration.commandline.Main.handleUpdateException(Main.java:2190)
	at liquibase.integration.commandline.Main.doMigration(Main.java:1834)
	at liquibase.integration.commandline.Main$1.lambda$run$0(Main.java:396)
	at liquibase.Scope.lambda$child$0(Scope.java:180)
	at liquibase.Scope.child(Scope.java:189)
	at liquibase.Scope.child(Scope.java:179)
	at liquibase.Scope.child(Scope.java:158)
	at liquibase.integration.commandline.Main$1.run(Main.java:395)
	at liquibase.integration.commandline.Main$1.run(Main.java:217)
	at liquibase.Scope.child(Scope.java:189)
	at liquibase.Scope.child(Scope.java:165)
	at liquibase.integration.commandline.Main.run(Main.java:217)
	at liquibase.command.AbstractCliWrapperCommandStep.run(AbstractCliWrapperCommandStep.java:32)
	at liquibase.command.CommandScope.execute(CommandScope.java:172)
	at liquibase.integration.commandline.CommandRunner.call(CommandRunner.java:55)
	at liquibase.integration.commandline.CommandRunner.call(CommandRunner.java:24)
	at picocli.CommandLine.executeUserObject(CommandLine.java:2041)
	at picocli.CommandLine.access$1500(CommandLine.java:148)
	at picocli.CommandLine$RunLast.executeUserObjectOfLastSubcommandWithSameParent(CommandLine.java:2461)
	at picocli.CommandLine$RunLast.handle(CommandLine.java:2453)
	at picocli.CommandLine$RunLast.handle(CommandLine.java:2415)
	at picocli.CommandLine$AbstractParseResultHandler.execute(CommandLine.java:2273)
	at picocli.CommandLine$RunLast.execute(CommandLine.java:2417)
	at picocli.CommandLine.execute(CommandLine.java:2170)
	at liquibase.integration.commandline.LiquibaseCommandLine.lambda$execute$1(LiquibaseCommandLine.java:352)
	at liquibase.Scope.child(Scope.java:189)
	at liquibase.Scope.child(Scope.java:165)
	at liquibase.integration.commandline.LiquibaseCommandLine.execute(LiquibaseCommandLine.java:317)
	at liquibase.integration.commandline.LiquibaseCommandLine.main(LiquibaseCommandLine.java:84)
	at java.base/jdk.internal.reflect.NativeMethodAccessorImpl.invoke0(Native Method)
	at java.base/jdk.internal.reflect.NativeMethodAccessorImpl.invoke(NativeMethodAccessorImpl.java:77)
	at java.base/jdk.internal.reflect.DelegatingMethodAccessorImpl.invoke(DelegatingMethodAccessorImpl.java:43)
	at java.base/java.lang.reflect.Method.invoke(Method.java:568)
	at liquibase.integration.commandline.LiquibaseLauncher.main(LiquibaseLauncher.java:107)
Caused by: liquibase.exception.LiquibaseException: liquibase.exception.MigrationFailedException: Migration failed for changeset _init_/audit/create_views_queue.sql::8::NP:
     Reason: liquibase.exception.DatabaseException: ОШИБКА: столбец "target_status" не существует
  Позиция: 67 [Failed SQL: (0) create or replace view audit.vi_queue_target_count as 
    select target_status, count(*)
        from audit.change_queue
        group by target_status]
	at liquibase.changelog.ChangeLogIterator.run(ChangeLogIterator.java:127)
	at liquibase.Liquibase.lambda$null$0(Liquibase.java:291)
	at liquibase.Scope.lambda$child$0(Scope.java:180)
	at liquibase.Scope.child(Scope.java:189)
	at liquibase.Scope.child(Scope.java:179)
	at liquibase.Scope.child(Scope.java:158)
	at liquibase.Scope.child(Scope.java:243)
	at liquibase.Liquibase.lambda$update$1(Liquibase.java:290)
	at liquibase.Scope.lambda$child$0(Scope.java:180)
	at liquibase.Scope.child(Scope.java:189)
	at liquibase.Scope.child(Scope.java:179)
	at liquibase.Scope.child(Scope.java:158)
	at liquibase.Liquibase.runInScope(Liquibase.java:2431)
	at liquibase.Liquibase.update(Liquibase.java:237)
	at liquibase.Liquibase.update(Liquibase.java:222)
	at liquibase.integration.commandline.Main.doMigration(Main.java:1832)
	... 32 more
Caused by: liquibase.exception.MigrationFailedException: Migration failed for changeset _init_/audit/create_views_queue.sql::8::NP:
     Reason: liquibase.exception.DatabaseException: ОШИБКА: столбец "target_status" не существует
  Позиция: 67 [Failed SQL: (0) create or replace view audit.vi_queue_target_count as 
    select target_status, count(*)
        from audit.change_queue
        group by target_status]
	at liquibase.changelog.ChangeSet.execute(ChangeSet.java:722)
	at liquibase.changelog.visitor.UpdateVisitor.visit(UpdateVisitor.java:56)
	at liquibase.changelog.ChangeLogIterator$2.lambda$null$0(ChangeLogIterator.java:114)
	at liquibase.Scope.lambda$child$0(Scope.java:180)
	at liquibase.Scope.child(Scope.java:189)
	at liquibase.Scope.child(Scope.java:179)
	at liquibase.Scope.child(Scope.java:158)
	at liquibase.changelog.ChangeLogIterator$2.lambda$run$1(ChangeLogIterator.java:113)
	at liquibase.Scope.lambda$child$0(Scope.java:180)
	at liquibase.Scope.child(Scope.java:189)
	at liquibase.Scope.child(Scope.java:179)
	at liquibase.Scope.child(Scope.java:158)
	at liquibase.Scope.child(Scope.java:243)
	at liquibase.changelog.ChangeLogIterator$2.run(ChangeLogIterator.java:94)
	at liquibase.Scope.lambda$child$0(Scope.java:180)
	at liquibase.Scope.child(Scope.java:189)
	at liquibase.Scope.child(Scope.java:179)
	at liquibase.Scope.child(Scope.java:158)
	at liquibase.Scope.child(Scope.java:243)
	at liquibase.Scope.child(Scope.java:247)
	at liquibase.changelog.ChangeLogIterator.run(ChangeLogIterator.java:66)
	... 47 more
Caused by: liquibase.exception.DatabaseException: ОШИБКА: столбец "target_status" не существует
  Позиция: 67 [Failed SQL: (0) create or replace view audit.vi_queue_target_count as 
    select target_status, count(*)
        from audit.change_queue
        group by target_status]
	at liquibase.executor.jvm.JdbcExecutor$ExecuteStatementCallback.doInStatement(JdbcExecutor.java:446)
	at liquibase.executor.jvm.JdbcExecutor.execute(JdbcExecutor.java:78)
	at liquibase.executor.jvm.JdbcExecutor.execute(JdbcExecutor.java:161)
	at liquibase.database.AbstractJdbcDatabase.execute(AbstractJdbcDatabase.java:1270)
	at liquibase.database.AbstractJdbcDatabase.executeStatements(AbstractJdbcDatabase.java:1252)
	at liquibase.changelog.ChangeSet.execute(ChangeSet.java:687)
	... 67 more
Caused by: org.postgresql.util.PSQLException: ОШИБКА: столбец "target_status" не существует
  Позиция: 67
	at org.postgresql.core.v3.QueryExecutorImpl.receiveErrorResponse(QueryExecutorImpl.java:2676)
	at org.postgresql.core.v3.QueryExecutorImpl.processResults(QueryExecutorImpl.java:2366)
	at org.postgresql.core.v3.QueryExecutorImpl.execute(QueryExecutorImpl.java:356)
	at org.postgresql.jdbc.PgStatement.executeInternal(PgStatement.java:496)
	at org.postgresql.jdbc.PgStatement.execute(PgStatement.java:413)
	at org.postgresql.jdbc.PgStatement.executeWithFlags(PgStatement.java:333)
	at org.postgresql.jdbc.PgStatement.executeCachedSql(PgStatement.java:319)
	at org.postgresql.jdbc.PgStatement.executeWithFlags(PgStatement.java:295)
	at org.postgresql.jdbc.PgStatement.execute(PgStatement.java:290)
	at liquibase.executor.jvm.JdbcExecutor$ExecuteStatementCallback.doInStatement(JdbcExecutor.java:442)
	... 72 more

